perltidy version 20121207 log file on a linux system, OLD_PERL_VERSION=5.016000
Configuration and command line parameters for this run:
-nst -nse
To find error messages search for 'WARNING' with your editor
Indentation will be with 4 spaces
Line 1 implies starting-indentation-level = 0
The nesting depths in the table below are at the start of the lines.
The indicated output line numbers are not always exact.
ci = levels of continuation indentation; bk = 1 if in BLOCK, 0 if not.

in:out indent c b  nesting   code + messages; (messages begin with >>>)
lines  levels i k            (code begins with one '.' per indent level)
------  ----- - - --------   -------------------------------------------
L1:1     i0:0 0 1            package Acpi::Class::Devices; 
L12:14   i0:0 0 1            sub devices #{{{
L14:16   i2:1 0 1 {          >>>Start indentation disagreement: input=2; output=1
L27:28   i0:0 0 1 {          >>>End indentation disagreement from input line 14
L29:30   i0:0 0 1            >>>Starting __END__ section
L29:30   i0:0 0 1            >>>Entering POD section
L29:30   i0:0 0 1            >>>Exiting POD section
First indentation disagreement seen at input line 14
Last indentation disagreement seen at input line 26
Note: Indentation disagreement detection is not accurate for outdenting and -lp.

No lines exceeded 80 characters
  Maximum output line length was 73 at line 38
